F:\Code\Angular2Demo\Ang2Demo\app\app.component.js
F:\Code\Angular2Demo\Ang2Demo\app\app.component.js.map
F:\Code\Angular2Demo\Ang2Demo\app\app.module.js
F:\Code\Angular2Demo\Ang2Demo\app\app.module.js.map
F:\Code\Angular2Demo\Ang2Demo\app\main.js
F:\Code\Angular2Demo\Ang2Demo\app\main.js.map
F:\Code\Angular2Demo\Ang2Demo\app\app.component.js
F:\Code\Angular2Demo\Ang2Demo\app\app.component.js.map
F:\Code\Angular2Demo\Ang2Demo\app\app.module.js
F:\Code\Angular2Demo\Ang2Demo\app\app.module.js.map
F:\Code\Angular2Demo\Ang2Demo\app\main.js
F:\Code\Angular2Demo\Ang2Demo\app\main.js.map
F:\Code\Angular2Demo\Ang2Demo\app\app.component.js
F:\Code\Angular2Demo\Ang2Demo\app\app.component.js.map
F:\Code\Angular2Demo\Ang2Demo\app\app.module.js
F:\Code\Angular2Demo\Ang2Demo\app\app.module.js.map
F:\Code\Angular2Demo\Ang2Demo\app\main.js
F:\Code\Angular2Demo\Ang2Demo\app\main.js.map
F:\Code\Angular2Demo\Ang2Demo\app\app.component.js
F:\Code\Angular2Demo\Ang2Demo\app\app.component.js.map
F:\Code\Angular2Demo\Ang2Demo\app\app.module.js
F:\Code\Angular2Demo\Ang2Demo\app\app.module.js.map
F:\Code\Angular2Demo\Ang2Demo\app\main.js
F:\Code\Angular2Demo\Ang2Demo\app\main.js.map
F:\Code\Angular2Demo\Ang2Demo\app\app.component.js
F:\Code\Angular2Demo\Ang2Demo\app\app.component.js.map
F:\Code\Angular2Demo\Ang2Demo\app\app.module.js
F:\Code\Angular2Demo\Ang2Demo\app\app.module.js.map
F:\Code\Angular2Demo\Ang2Demo\app\main.js
F:\Code\Angular2Demo\Ang2Demo\app\main.js.map
H:\MYGIT\Ang2Repo\Repo\Angular2\Ang2Demo\app\app.component.js
H:\MYGIT\Ang2Repo\Repo\Angular2\Ang2Demo\app\app.component.js.map
H:\MYGIT\Ang2Repo\Repo\Angular2\Ang2Demo\app\app.module.js
H:\MYGIT\Ang2Repo\Repo\Angular2\Ang2Demo\app\app.module.js.map
H:\MYGIT\Ang2Repo\Repo\Angular2\Ang2Demo\app\main.js
H:\MYGIT\Ang2Repo\Repo\Angular2\Ang2Demo\app\main.js.map
H:\MYGIT\Ang2Repo\Repo\Angular2\Ang2Demo\app\app.component.js
H:\MYGIT\Ang2Repo\Repo\Angular2\Ang2Demo\app\app.component.js.map
H:\MYGIT\Ang2Repo\Repo\Angular2\Ang2Demo\app\app.module.js
H:\MYGIT\Ang2Repo\Repo\Angular2\Ang2Demo\app\app.module.js.map
H:\MYGIT\Ang2Repo\Repo\Angular2\Ang2Demo\app\main.js
H:\MYGIT\Ang2Repo\Repo\Angular2\Ang2Demo\app\main.js.map
H:\MYGIT\Ang2Repo\Repo\Angular2\Ang2Demo\app\app.component.js
H:\MYGIT\Ang2Repo\Repo\Angular2\Ang2Demo\app\app.component.js.map
H:\MYGIT\Ang2Repo\Repo\Angular2\Ang2Demo\app\app.module.js
H:\MYGIT\Ang2Repo\Repo\Angular2\Ang2Demo\app\app.module.js.map
H:\MYGIT\Ang2Repo\Repo\Angular2\Ang2Demo\app\main.js
H:\MYGIT\Ang2Repo\Repo\Angular2\Ang2Demo\app\main.js.map
